<?xml version="1.0" encoding="UTF-8"?>
<!-- Generated by org.testng.reporters.JUnitReportReporter -->
<testsuite skipped="0" hostname="ATMECSINLT-084" name="com.atmecs.Konakart.testscripts.konakartHero" tests="2" failures="0" timestamp="2019-10-16T18:00:59 IST" time="21.944" errors="0">
  <testcase name="homepage_Search" time="5.374" classname="com.atmecs.Konakart.testscripts.konakartHero"/>
  <testcase name="hero_validation" time="16.570" classname="com.atmecs.Konakart.testscripts.konakartHero"/>
</testsuite> <!-- com.atmecs.Konakart.testscripts.konakartHero -->
