<?xml version="1.0" encoding="UTF-8"?>
<!-- Generated by org.testng.reporters.JUnitReportReporter -->
<testsuite skipped="0" hostname="ATMECSINLT-084" name="com.atmecs.Konakart.testscripts.konakartHome" tests="1" failures="0" timestamp="2019-10-16T18:00:59 IST" time="24.681" errors="0">
  <testcase name="homepage_Search" time="24.681" classname="com.atmecs.Konakart.testscripts.konakartHome"/>
</testsuite> <!-- com.atmecs.Konakart.testscripts.konakartHome -->
