<?xml version="1.0" encoding="UTF-8"?>
<!-- Generated by org.testng.reporters.JUnitReportReporter -->
<testsuite skipped="0" hostname="ATMECSINLT-084" name="com.atmecs.Konakart.testscripts.konakartHome" tests="1" failures="0" timestamp="14 Oct 2019 12:52:28 GMT" time="11.433" errors="0">
  <testcase name="homepage_Search" time="11.433" classname="com.atmecs.Konakart.testscripts.konakartHome"/>
</testsuite> <!-- com.atmecs.Konakart.testscripts.konakartHome -->
