<?xml version="1.0" encoding="UTF-8"?>
<!-- Generated by org.testng.reporters.JUnitReportReporter -->
<testsuite skipped="0" hostname="ATMECSINLT-084" name="com.atmecs.Konakart.testscripts.demo" tests="1" failures="0" timestamp="22 Oct 2019 09:40:55 GMT" time="15.433" errors="0">
  <testcase name="demoone" time="15.433" classname="com.atmecs.Konakart.testscripts.demo"/>
</testsuite> <!-- com.atmecs.Konakart.testscripts.demo -->
