<?xml version="1.0" encoding="UTF-8"?>
<!-- Generated by org.testng.reporters.JUnitReportReporter -->
<testsuite skipped="0" hostname="ATMECSINLT-084" name="com.atmecs.Konakart.testscripts.konakartHero" tests="2" failures="0" timestamp="14 Oct 2019 14:17:52 GMT" time="18.608" errors="0">
  <testcase name="homepage_Search" time="6.813" classname="com.atmecs.Konakart.testscripts.konakartHero"/>
  <testcase name="Hero_validation" time="11.795" classname="com.atmecs.Konakart.testscripts.konakartHero"/>
</testsuite> <!-- com.atmecs.Konakart.testscripts.konakartHero -->
