<?xml version="1.0" encoding="UTF-8"?>
<!-- Generated by org.testng.reporters.JUnitReportReporter -->
<testsuite skipped="0" hostname="ATMECSINLT-084" name="com.atmecs.Konakart.testscripts.KonakartHero" tests="1" failures="0" timestamp="22 Oct 2019 15:02:24 GMT" time="39.251" errors="0">
  <testcase name="hero_validation" time="39.251" classname="com.atmecs.Konakart.testscripts.KonakartHero"/>
</testsuite> <!-- com.atmecs.Konakart.testscripts.KonakartHero -->
