<?xml version="1.0" encoding="UTF-8"?>
<!-- Generated by org.testng.reporters.JUnitReportReporter -->
<testsuite skipped="0" hostname="ATMECSINLT-084" name="com.atmecs.Konakart.testscripts.Dynamictestng" tests="1" failures="0" timestamp="21 Oct 2019 13:58:47 GMT" time="53.328" errors="0">
  <testcase name="suite_test" time="53.328" classname="com.atmecs.Konakart.testscripts.Dynamictestng"/>
</testsuite> <!-- com.atmecs.Konakart.testscripts.Dynamictestng -->
